Arguments: 
  /usr/local/bin/node /usr/local/bin/yarn add eval-expr

PATH: 
  /home/quantium/bin:/home/quantium/.local/share/solana/install/active_release/bin:/home/quantium/.local/bin:/home/quantium/bin:/home/quantium/bin:/home/quantium/.local/share/solana/install/active_release/bin:/home/quantium/.local/bin:/home/quantium/bin:/usr/local/sbin:/usr/local/bin:/usr/sbin:/usr/bin:/sbin:/bin:/usr/games:/usr/local/games:/snap/bin:/snap/bin:/home/quantium/Android/Sdk/tools:/home/quantium/Android/Sdk/platform-tools:/home/quantium/Android/Sdk/tools:/home/quantium/Android/Sdk/platform-tools:/home/quantium/Android/Sdk/tools:/home/quantium/Android/Sdk/platform-tools

Yarn version: 
  1.22.19

Node version: 
  16.18.0

Platform: 
  linux x64

Trace: 
  Error: https://registry.yarnpkg.com/eval-expr: Not found
      at Request.params.callback [as _callback] (/usr/local/lib/node_modules/yarn/lib/cli.js:66145:18)
      at Request.self.callback (/usr/local/lib/node_modules/yarn/lib/cli.js:140890:22)
      at Request.emit (node:events:513:28)
      at Request.<anonymous> (/usr/local/lib/node_modules/yarn/lib/cli.js:141862:10)
      at Request.emit (node:events:513:28)
      at IncomingMessage.<anonymous> (/usr/local/lib/node_modules/yarn/lib/cli.js:141784:12)
      at Object.onceWrapper (node:events:627:28)
      at IncomingMessage.emit (node:events:525:35)
      at endReadableNT (node:internal/streams/readable:1358:12)
      at processTicksAndRejections (node:internal/process/task_queues:83:21)

npm manifest: 
  No manifest

yarn manifest: 
  No manifest

Lockfile: 
  No lockfile
